<?xml version="1.0" encoding="UTF-8"?>
<testng-results skipped="0" failed="0" ignored="0" total="2" passed="2">
  <reporter-output>
  </reporter-output>
  <suite name="Default suite" duration-ms="21129" started-at="2018-07-08T20:56:48Z" finished-at="2018-07-08T20:57:09Z">
    <groups>
    </groups>
    <test name="Default test" duration-ms="21129" started-at="2018-07-08T20:56:48Z" finished-at="2018-07-08T20:57:09Z">
      <class name="POMdesign.AllOrdersTests">
        <test-method status="PASS" signature="setUp()[pri:0, instance:POMdesign.AllOrdersTests@1794d431]" name="setUp" is-config="true" duration-ms="5162" started-at="2018-07-08T20:56:48Z" finished-at="2018-07-08T20:56:53Z">
          <reporter-output>
          </reporter-output>
        </test-method> <!-- setUp -->
        <test-method status="PASS" signature="setUpApplication()[pri:0, instance:POMdesign.AllOrdersTests@1794d431]" name="setUpApplication" is-config="true" duration-ms="3398" started-at="2018-07-08T20:56:53Z" finished-at="2018-07-08T20:56:57Z">
          <reporter-output>
          </reporter-output>
        </test-method> <!-- setUpApplication -->
        <test-method status="PASS" signature="availableProductsTest()[pri:0, instance:POMdesign.AllOrdersTests@1794d431]" name="availableProductsTest" duration-ms="4333" started-at="2018-07-08T20:56:57Z" description="Verify default Products and prices" finished-at="2018-07-08T20:57:01Z">
          <reporter-output>
          </reporter-output>
        </test-method> <!-- availableProductsTest -->
        <test-method status="PASS" signature="tearDown()[pri:0, instance:POMdesign.AllOrdersTests@1794d431]" name="tearDown" is-config="true" duration-ms="2264" started-at="2018-07-08T20:57:01Z" finished-at="2018-07-08T20:57:03Z">
          <reporter-output>
          </reporter-output>
        </test-method> <!-- tearDown -->
        <test-method status="PASS" signature="setUpApplication()[pri:0, instance:POMdesign.AllOrdersTests@1794d431]" name="setUpApplication" is-config="true" duration-ms="61" started-at="2018-07-08T20:57:03Z" finished-at="2018-07-08T20:57:03Z">
          <reporter-output>
          </reporter-output>
        </test-method> <!-- setUpApplication -->
        <test-method status="PASS" signature="labelsVerification()[pri:1, instance:POMdesign.AllOrdersTests@1794d431]" name="labelsVerification" duration-ms="750" started-at="2018-07-08T20:57:03Z" description="Verify that labels and tab links are displayed" finished-at="2018-07-08T20:57:04Z">
          <reporter-output>
          </reporter-output>
        </test-method> <!-- labelsVerification -->
        <test-method status="PASS" signature="tearDown()[pri:0, instance:POMdesign.AllOrdersTests@1794d431]" name="tearDown" is-config="true" duration-ms="2271" started-at="2018-07-08T20:57:04Z" finished-at="2018-07-08T20:57:06Z">
          <reporter-output>
          </reporter-output>
        </test-method> <!-- tearDown -->
        <test-method status="PASS" signature="closure()[pri:0, instance:POMdesign.AllOrdersTests@1794d431]" name="closure" is-config="true" duration-ms="2852" started-at="2018-07-08T20:57:06Z" finished-at="2018-07-08T20:57:09Z">
          <reporter-output>
          </reporter-output>
        </test-method> <!-- closure -->
      </class> <!-- POMdesign.AllOrdersTests -->
    </test> <!-- Default test -->
  </suite> <!-- Default suite -->
</testng-results>
